ver.0.1.4.718

オーバラップ文字親指=70
オーバラップ親指文字=35
オーバラップ文字同時=35
親指シフト同時打鍵間隔=210
文字同時打鍵間隔=200
連続モード=1
零遅延モード=1
親指キー単独打鍵=無効
親指キーリピート=1
TIME   INPUT  MD TG SEND
   399 Backspace down
     1            X   {Backspace down}
   508 Backspace down
     1            X   {Backspace down}
    39 Backspace down
     0            X   {Backspace down}
    24 Backspace down
     0            X   {Backspace down}
    40 Backspace down
     0            X   {Backspace down}
    23 Backspace down
     0            X   {Backspace down}
    39 Backspace down
     1            X   {Backspace down}
    25 Backspace down
     0            X   {Backspace down}
    38 Backspace down
     1            X   {Backspace down}
    24 Backspace down
     0            X   {Backspace down}
    40 Backspace up
     1            x   {Backspace up}
   266 Backspace down
     0            X   {Backspace down}
    92 Backspace up
     1            x   {Backspace up}
    99 Backspace down
     0            X   {Backspace down}
    64 Backspace up
     0            x   {Backspace up}
   104 Backspace down
     0            X   {Backspace down}
    73 Backspace up
     0            x   {Backspace up}
    90 Backspace down
     1            X   {Backspace down}
    82 Backspace up
     1            x   {Backspace up}
   105 Backspace down
     1            X   {Backspace down}
    62 Backspace up
     0            x   {Backspace up}
    82 Backspace down
     0            X   {Backspace down}
   107 Backspace up
     0            x   {Backspace up}
   248 Backspace down
     1            X   {Backspace down}
    91 Backspace up
     0            x   {Backspace up}
   256 j down
   248 s down
    72 s up
     0        MM  m   {g down}
     1        MM  m   {g up}
     0        MM  m   {e down}
  1999 s down
     1        M   M   {g down}
     2        M   M   {g up}
     0        M   M   {e down}
    61 s up
     0            m   {e up}
   740 j up
     0            m   {e up}
