ver.0.1.4.81

オーバラップ文字親指=70
オーバラップ親指文字=35
オーバラップ文字同時=35
親指シフト同時打鍵間隔=210
文字同時打鍵間隔=99
連続モード=1
零遅延モード=1
親指キー単独打鍵=無効
親指キーリピート=1
TIME   INPUT  MD TG SEND
    30 LCtrl down
     0            X   {LCtrl down}
    32 LCtrl down
     0            X   {LCtrl down}
    45 LCtrl down
     0            X   {LCtrl down}
    20 c down
     0                {c down}
   144 c up
     0            m   {c up}
   152 LCtrl up
     0            x   {LCtrl up}
  1568 Left down
     0            X   {Left down}
   136 Left up
     0            x   {Left up}
   440 Down down
     0            X   {Down down}
   120 Down up
     0            x   {Down up}
   824 Down down
     0            X   {Down down}
   168 Down up
     0            x   {Down up}
   539 Up down
     0            X   {Up down}
   117 Up up
     0            x   {Up up}
   448 Enter down
     0            X   {Enter down}
   203 Enter up
     0            x   {Enter up}
   501 Enter down
     0            X   {Enter down}
   168 Enter up
     0            x   {Enter up}
   336 Right down
     0            X   {Right down}
   120 Right up
     0            x   {Right up}
    90 Right down
     0            X   {Right down}
   118 Right up
     0            x   {Right up}
  4376 , down
    16 m down
   272 s down
     2        MMM M   ^{x down}
     1        MMM M   {x up}
     1        MMM M   {（}
     0        MMM M   ^{v down}
    26        MMM M   {v up}
     2        MMM M   {）}
     0        MMM M   {Enter down}
    16        MMM M   {Enter up}
    14        MMM M   {Space down}
     1        MMM M   {Space up}
     1        MMM M   +{Up down}
     0        MMM M   {Up up}
    14        MMM M   ^{x down}
    49 s up
   201 , up
     3            m   ^^+^{x up}
     5 m up
