蓑なし

ご回答ありがとうございます。

> シフトキーオン時のESC+ファンクションキーのログをご提供いただけますとありがたいです。

以下がログになります。
前回書き込み時に使用していたv014717と、最新のv014718でログの内容が変化したために両方を添付いたします。
以下は、紅皿を起動 → 「`」を単独打鍵（ESC + ファンクションキー） → Shift + ` を打鍵（Shift + ESC + ファンクションキー）と入力したログになります。
この入力順で、どちらのバージョンでも意図される「`~」ではなく「``」と入力されました。

```
ver.0.1.4.717

オーバラップ文字親指=70
オーバラップ親指文字=35
オーバラップ文字同時=50
親指シフト同時打鍵間隔=100
文字同時打鍵間隔=250
連続モード=1
零遅延モード=1
親指キー単独打鍵=無効
親指キーリピート=0
 TIME INPUT MD TG SEND
      vkA0 up
    0 vkA1 up
    0 vkA2 up
    1 vkA3 up
    0 vkA4 up
    0 vkA5 up
    1 vk5B up
    0 vk5C up
    0 vk5D up
    0 Pause up
    0 ScrollLock up
17027 sc029 down
    3          X {sc029 down}
  123 sc029 up
    1          x {sc029 up}
 1452 vkA0 down
  665 sc029 down
    2          X {sc029 down}
  176 sc029 up
    2          x {sc029 up}
  468 vkA0 up
```

```
ver.0.1.4.718

オーバラップ文字親指=70
オーバラップ親指文字=35
オーバラップ文字同時=90
親指シフト同時打鍵間隔=150
文字同時打鍵間隔=400
連続モード=0
零遅延モード=1
親指キー単独打鍵=有効
親指キーリピート=1
 TIME INPUT MD TG SEND
      sc029 down
    2          X  {sc029 down}
  107 sc029 up
    1          x  {sc029 up}
 1303 down
  678 sc029 down
    2          X  {sc029 down}
  238 sc029 up
    3          x  {sc029 up}
  581 up
